# JRE version: Java(TM) SE Runtime Environment (8.0_341-b10) (build 1.8.0_341-b10)
# Java VM: Java HotSpot(TM) 64-Bit Server VM (25.341-b10 mixed mode windows-amd64 compressed oops)
Heap:
 PSYoungGen      total 130560K, used 13232K [0x000000076e180000, 0x0000000778c00000, 0x00000007c0000000)
  eden space 120320K, 4% used [0x000000076e180000,0x000000076e69e290,0x0000000775700000)
  from space 10240K, 78% used [0x0000000775700000,0x0000000775ece0a8,0x0000000776100000)
  to   space 10752K, 0% used [0x0000000778180000,0x0000000778180000,0x0000000778c00000)
 ParOldGen       total 99328K, used 8130K [0x00000006ca400000, 0x00000006d0500000, 0x000000076e180000)
  object space 99328K, 8% used [0x00000006ca400000,0x00000006cabf0bc8,0x00000006d0500000)
 Metaspace       used 29776K, capacity 31714K, committed 31872K, reserved 1077248K
  class space    used 4348K, capacity 4728K, committed 4736K, reserved 1048576K
GC Heap History (10 events):
Event: 1.115 GC heap before
{Heap before GC invocations=2 (full 0):
 PSYoungGen      total 73728K, used 70119K [0x000000076e180000, 0x0000000773380000, 0x00000007c0000000)
  eden space 63488K, 100% used [0x000000076e180000,0x0000000771f80000,0x0000000771f80000)
  from space 10240K, 64% used [0x0000000771f80000,0x00000007725f9fe0,0x0000000772980000)
  to   space 10240K, 0% used [0x0000000772980000,0x0000000772980000,0x0000000773380000)
 ParOldGen       total 167936K, used 24K [0x00000006ca400000, 0x00000006d4800000, 0x000000076e180000)
  object space 167936K, 0% used [0x00000006ca400000,0x00000006ca406000,0x00000006d4800000)
 Metaspace       used 16073K, capacity 17530K, committed 17792K, reserved 1064960K
  class space    used 2119K, capacity 2387K, committed 2432K, reserved 1048576K
Event: 1.120 GC heap after
Heap after GC invocations=2 (full 0):
 PSYoungGen      total 73728K, used 8357K [0x000000076e180000, 0x0000000773380000, 0x00000007c0000000)
  eden space 63488K, 0% used [0x000000076e180000,0x000000076e180000,0x0000000771f80000)
  from space 10240K, 81% used [0x0000000772980000,0x00000007731a9620,0x0000000773380000)
  to   space 10240K, 0% used [0x0000000771f80000,0x0000000771f80000,0x0000000772980000)
 ParOldGen       total 167936K, used 32K [0x00000006ca400000, 0x00000006d4800000, 0x000000076e180000)
  object space 167936K, 0% used [0x00000006ca400000,0x00000006ca408000,0x00000006d4800000)
 Metaspace       used 16073K, capacity 17530K, committed 17792K, reserved 1064960K
  class space    used 2119K, capacity 2387K, committed 2432K, reserved 1048576K
}
Event: 1.225 GC heap before
{Heap before GC invocations=3 (full 0):
 PSYoungGen      total 73728K, used 58914K [0x000000076e180000, 0x0000000773380000, 0x00000007c0000000)
  eden space 63488K, 79% used [0x000000076e180000,0x00000007712df578,0x0000000771f80000)
  from space 10240K, 81% used [0x0000000772980000,0x00000007731a9620,0x0000000773380000)
  to   space 10240K, 0% used [0x0000000771f80000,0x0000000771f80000,0x0000000772980000)
 ParOldGen       total 167936K, used 32K [0x00000006ca400000, 0x00000006d4800000, 0x000000076e180000)
  object space 167936K, 0% used [0x00000006ca400000,0x00000006ca408000,0x00000006d4800000)
 Metaspace       used 19619K, capacity 21202K, committed 21296K, reserved 1067008K
  class space    used 2621K, capacity 2917K, committed 2944K, reserved 1048576K
Event: 1.228 GC heap after
Heap after GC invocations=3 (full 0):
 PSYoungGen      total 73728K, used 8529K [0x000000076e180000, 0x0000000777180000, 0x00000007c0000000)
  eden space 63488K, 0% used [0x000000076e180000,0x000000076e180000,0x0000000771f80000)
  from space 10240K, 83% used [0x0000000771f80000,0x00000007727d4658,0x0000000772980000)
  to   space 10240K, 0% used [0x0000000776780000,0x0000000776780000,0x0000000777180000)
 ParOldGen       total 167936K, used 40K [0x00000006ca400000, 0x00000006d4800000, 0x000000076e180000)
  object space 167936K, 0% used [0x00000006ca400000,0x00000006ca40a000,0x00000006d4800000)
 Metaspace       used 19619K, capacity 21202K, committed 21296K, reserved 1067008K
  class space    used 2621K, capacity 2917K, committed 2944K, reserved 1048576K
}
Event: 1.228 GC heap before
{Heap before GC invocations=4 (full 1):
 PSYoungGen      total 73728K, used 8529K [0x000000076e180000, 0x0000000777180000, 0x00000007c0000000)
  eden space 63488K, 0% used [0x000000076e180000,0x000000076e180000,0x0000000771f80000)
  from space 10240K, 83% used [0x0000000771f80000,0x00000007727d4658,0x0000000772980000)
  to   space 10240K, 0% used [0x0000000776780000,0x0000000776780000,0x0000000777180000)
 ParOldGen       total 167936K, used 40K [0x00000006ca400000, 0x00000006d4800000, 0x000000076e180000)
  object space 167936K, 0% used [0x00000006ca400000,0x00000006ca40a000,0x00000006d4800000)
 Metaspace       used 19619K, capacity 21202K, committed 21296K, reserved 1067008K
  class space    used 2621K, capacity 2917K, committed 2944K, reserved 1048576K
Event: 1.244 GC heap after
Heap after GC invocations=4 (full 1):
 PSYoungGen      total 73728K, used 0K [0x000000076e180000, 0x0000000777180000, 0x00000007c0000000)
  eden space 63488K, 0% used [0x000000076e180000,0x000000076e180000,0x0000000771f80000)
  from space 10240K, 0% used [0x0000000771f80000,0x0000000771f80000,0x0000000772980000)
  to   space 10240K, 0% used [0x0000000776780000,0x0000000776780000,0x0000000777180000)
 ParOldGen       total 99328K, used 8114K [0x00000006ca400000, 0x00000006d0500000, 0x000000076e180000)
  object space 99328K, 8% used [0x00000006ca400000,0x00000006cabecbc8,0x00000006d0500000)
 Metaspace       used 19619K, capacity 21202K, committed 21296K, reserved 1067008K
  class space    used 2621K, capacity 2917K, committed 2944K, reserved 1048576K
}
Event: 1.403 GC heap before
{Heap before GC invocations=5 (full 1):
 PSYoungGen      total 73728K, used 63485K [0x000000076e180000, 0x0000000777180000, 0x00000007c0000000)
  eden space 63488K, 99% used [0x000000076e180000,0x0000000771f7f4e8,0x0000000771f80000)
  from space 10240K, 0% used [0x0000000771f80000,0x0000000771f80000,0x0000000772980000)
  to   space 10240K, 0% used [0x0000000776780000,0x0000000776780000,0x0000000777180000)
 ParOldGen       total 99328K, used 8114K [0x00000006ca400000, 0x00000006d0500000, 0x000000076e180000)
  object space 99328K, 8% used [0x00000006ca400000,0x00000006cabecbc8,0x00000006d0500000)
 Metaspace       used 22575K, capacity 24360K, committed 24448K, reserved 1071104K
  class space    used 3079K, capacity 3414K, committed 3456K, reserved 1048576K
Event: 1.406 GC heap after
Heap after GC invocations=5 (full 1):
 PSYoungGen      total 103936K, used 3569K [0x000000076e180000, 0x0000000776b00000, 0x00000007c0000000)
  eden space 100352K, 0% used [0x000000076e180000,0x000000076e180000,0x0000000774380000)
  from space 3584K, 99% used [0x0000000776780000,0x0000000776afc630,0x0000000776b00000)
  to   space 10240K, 0% used [0x0000000775700000,0x0000000775700000,0x0000000776100000)
 ParOldGen       total 99328K, used 8122K [0x00000006ca400000, 0x00000006d0500000, 0x000000076e180000)
  object space 99328K, 8% used [0x00000006ca400000,0x00000006cabeebc8,0x00000006d0500000)
 Metaspace       used 22575K, capacity 24360K, committed 24448K, reserved 1071104K
  class space    used 3079K, capacity 3414K, committed 3456K, reserved 1048576K
}
Event: 2.522 GC heap before
{Heap before GC invocations=6 (full 1):
 PSYoungGen      total 103936K, used 103921K [0x000000076e180000, 0x0000000776b00000, 0x00000007c0000000)
  eden space 100352K, 100% used [0x000000076e180000,0x0000000774380000,0x0000000774380000)
  from space 3584K, 99% used [0x0000000776780000,0x0000000776afc630,0x0000000776b00000)
  to   space 10240K, 0% used [0x0000000775700000,0x0000000775700000,0x0000000776100000)
 ParOldGen       total 99328K, used 8122K [0x00000006ca400000, 0x00000006d0500000, 0x000000076e180000)
  object space 99328K, 8% used [0x00000006ca400000,0x00000006cabeebc8,0x00000006d0500000)
 Metaspace       used 29749K, capacity 31684K, committed 31872K, reserved 1077248K
  class space    used 4342K, capacity 4721K, committed 4736K, reserved 1048576K
Event: 2.527 GC heap after
Heap after GC invocations=6 (full 1):
 PSYoungGen      total 130560K, used 7992K [0x000000076e180000, 0x0000000778c00000, 0x00000007c0000000)
  eden space 120320K, 0% used [0x000000076e180000,0x000000076e180000,0x0000000775700000)
  from space 10240K, 78% used [0x0000000775700000,0x0000000775ece0a8,0x0000000776100000)
  to   space 10752K, 0% used [0x0000000778180000,0x0000000778180000,0x0000000778c00000)
 ParOldGen       total 99328K, used 8130K [0x00000006ca400000, 0x00000006d0500000, 0x000000076e180000)
  object space 99328K, 8% used [0x00000006ca400000,0x00000006cabf0bc8,0x00000006d0500000)
 Metaspace       used 29749K, capacity 31684K, committed 31872K, reserved 1077248K
  class space    used 4342K, capacity 4721K, committed 4736K, reserved 1048576K
}

