# JRE version: Java(TM) SE Runtime Environment (8.0_341-b10) (build 1.8.0_341-b10)
# Java VM: Java HotSpot(TM) 64-Bit Server VM (25.341-b10 mixed mode windows-amd64 compressed oops)
Heap:
 PSYoungGen      total 131072K, used 13087K [0x000000076e180000, 0x0000000778480000, 0x00000007c0000000)
  eden space 120832K, 4% used [0x000000076e180000,0x000000076e6975d8,0x0000000775780000)
  from space 10240K, 76% used [0x0000000775780000,0x0000000775f30690,0x0000000776180000)
  to   space 10752K, 0% used [0x0000000777a00000,0x0000000777a00000,0x0000000778480000)
 ParOldGen       total 98304K, used 8198K [0x00000006ca400000, 0x00000006d0400000, 0x000000076e180000)
  object space 98304K, 8% used [0x00000006ca400000,0x00000006cac018e0,0x00000006d0400000)
 Metaspace       used 29773K, capacity 31714K, committed 31872K, reserved 1077248K
  class space    used 4348K, capacity 4728K, committed 4736K, reserved 1048576K
GC Heap History (10 events):
Event: 1.107 GC heap before
{Heap before GC invocations=2 (full 0):
 PSYoungGen      total 73728K, used 70253K [0x000000076e180000, 0x0000000773380000, 0x00000007c0000000)
  eden space 63488K, 100% used [0x000000076e180000,0x0000000771f80000,0x0000000771f80000)
  from space 10240K, 66% used [0x0000000771f80000,0x000000077261b5b8,0x0000000772980000)
  to   space 10240K, 0% used [0x0000000772980000,0x0000000772980000,0x0000000773380000)
 ParOldGen       total 167936K, used 24K [0x00000006ca400000, 0x00000006d4800000, 0x000000076e180000)
  object space 167936K, 0% used [0x00000006ca400000,0x00000006ca406000,0x00000006d4800000)
 Metaspace       used 16069K, capacity 17530K, committed 17792K, reserved 1064960K
  class space    used 2119K, capacity 2387K, committed 2432K, reserved 1048576K
Event: 1.111 GC heap after
Heap after GC invocations=2 (full 0):
 PSYoungGen      total 73728K, used 8293K [0x000000076e180000, 0x0000000773380000, 0x00000007c0000000)
  eden space 63488K, 0% used [0x000000076e180000,0x000000076e180000,0x0000000771f80000)
  from space 10240K, 80% used [0x0000000772980000,0x0000000773199420,0x0000000773380000)
  to   space 10240K, 0% used [0x0000000771f80000,0x0000000771f80000,0x0000000772980000)
 ParOldGen       total 167936K, used 32K [0x00000006ca400000, 0x00000006d4800000, 0x000000076e180000)
  object space 167936K, 0% used [0x00000006ca400000,0x00000006ca408000,0x00000006d4800000)
 Metaspace       used 16069K, capacity 17530K, committed 17792K, reserved 1064960K
  class space    used 2119K, capacity 2387K, committed 2432K, reserved 1048576K
}
Event: 1.219 GC heap before
{Heap before GC invocations=3 (full 0):
 PSYoungGen      total 73728K, used 61184K [0x000000076e180000, 0x0000000773380000, 0x00000007c0000000)
  eden space 63488K, 83% used [0x000000076e180000,0x0000000771526e20,0x0000000771f80000)
  from space 10240K, 80% used [0x0000000772980000,0x0000000773199420,0x0000000773380000)
  to   space 10240K, 0% used [0x0000000771f80000,0x0000000771f80000,0x0000000772980000)
 ParOldGen       total 167936K, used 32K [0x00000006ca400000, 0x00000006d4800000, 0x000000076e180000)
  object space 167936K, 0% used [0x00000006ca400000,0x00000006ca408000,0x00000006d4800000)
 Metaspace       used 19649K, capacity 21212K, committed 21296K, reserved 1067008K
  class space    used 2618K, capacity 2920K, committed 2944K, reserved 1048576K
Event: 1.236 GC heap after
Heap after GC invocations=3 (full 0):
 PSYoungGen      total 73728K, used 8581K [0x000000076e180000, 0x0000000777180000, 0x00000007c0000000)
  eden space 63488K, 0% used [0x000000076e180000,0x000000076e180000,0x0000000771f80000)
  from space 10240K, 83% used [0x0000000771f80000,0x00000007727e15c8,0x0000000772980000)
  to   space 10240K, 0% used [0x0000000776780000,0x0000000776780000,0x0000000777180000)
 ParOldGen       total 167936K, used 40K [0x00000006ca400000, 0x00000006d4800000, 0x000000076e180000)
  object space 167936K, 0% used [0x00000006ca400000,0x00000006ca40a000,0x00000006d4800000)
 Metaspace       used 19649K, capacity 21212K, committed 21296K, reserved 1067008K
  class space    used 2618K, capacity 2920K, committed 2944K, reserved 1048576K
}
Event: 1.236 GC heap before
{Heap before GC invocations=4 (full 1):
 PSYoungGen      total 73728K, used 8581K [0x000000076e180000, 0x0000000777180000, 0x00000007c0000000)
  eden space 63488K, 0% used [0x000000076e180000,0x000000076e180000,0x0000000771f80000)
  from space 10240K, 83% used [0x0000000771f80000,0x00000007727e15c8,0x0000000772980000)
  to   space 10240K, 0% used [0x0000000776780000,0x0000000776780000,0x0000000777180000)
 ParOldGen       total 167936K, used 40K [0x00000006ca400000, 0x00000006d4800000, 0x000000076e180000)
  object space 167936K, 0% used [0x00000006ca400000,0x00000006ca40a000,0x00000006d4800000)
 Metaspace       used 19649K, capacity 21212K, committed 21296K, reserved 1067008K
  class space    used 2618K, capacity 2920K, committed 2944K, reserved 1048576K
Event: 1.282 GC heap after
Heap after GC invocations=4 (full 1):
 PSYoungGen      total 73728K, used 0K [0x000000076e180000, 0x0000000777180000, 0x00000007c0000000)
  eden space 63488K, 0% used [0x000000076e180000,0x000000076e180000,0x0000000771f80000)
  from space 10240K, 0% used [0x0000000771f80000,0x0000000771f80000,0x0000000772980000)
  to   space 10240K, 0% used [0x0000000776780000,0x0000000776780000,0x0000000777180000)
 ParOldGen       total 98304K, used 8182K [0x00000006ca400000, 0x00000006d0400000, 0x000000076e180000)
  object space 98304K, 8% used [0x00000006ca400000,0x00000006cabfd8e0,0x00000006d0400000)
 Metaspace       used 19649K, capacity 21212K, committed 21296K, reserved 1067008K
  class space    used 2618K, capacity 2920K, committed 2944K, reserved 1048576K
}
Event: 1.452 GC heap before
{Heap before GC invocations=5 (full 1):
 PSYoungGen      total 73728K, used 63488K [0x000000076e180000, 0x0000000777180000, 0x00000007c0000000)
  eden space 63488K, 100% used [0x000000076e180000,0x0000000771f80000,0x0000000771f80000)
  from space 10240K, 0% used [0x0000000771f80000,0x0000000771f80000,0x0000000772980000)
  to   space 10240K, 0% used [0x0000000776780000,0x0000000776780000,0x0000000777180000)
 ParOldGen       total 98304K, used 8182K [0x00000006ca400000, 0x00000006d0400000, 0x000000076e180000)
  object space 98304K, 8% used [0x00000006ca400000,0x00000006cabfd8e0,0x00000006d0400000)
 Metaspace       used 22625K, capacity 24424K, committed 24704K, reserved 1071104K
  class space    used 3075K, capacity 3414K, committed 3456K, reserved 1048576K
Event: 1.455 GC heap after
Heap after GC invocations=5 (full 1):
 PSYoungGen      total 102400K, used 3637K [0x000000076e180000, 0x0000000776b80000, 0x00000007c0000000)
  eden space 98304K, 0% used [0x000000076e180000,0x000000076e180000,0x0000000774180000)
  from space 4096K, 88% used [0x0000000776780000,0x0000000776b0d590,0x0000000776b80000)
  to   space 10240K, 0% used [0x0000000775780000,0x0000000775780000,0x0000000776180000)
 ParOldGen       total 98304K, used 8190K [0x00000006ca400000, 0x00000006d0400000, 0x000000076e180000)
  object space 98304K, 8% used [0x00000006ca400000,0x00000006cabff8e0,0x00000006d0400000)
 Metaspace       used 22625K, capacity 24424K, committed 24704K, reserved 1071104K
  class space    used 3075K, capacity 3414K, committed 3456K, reserved 1048576K
}
Event: 2.497 GC heap before
{Heap before GC invocations=6 (full 1):
 PSYoungGen      total 102400K, used 101941K [0x000000076e180000, 0x0000000776b80000, 0x00000007c0000000)
  eden space 98304K, 100% used [0x000000076e180000,0x0000000774180000,0x0000000774180000)
  from space 4096K, 88% used [0x0000000776780000,0x0000000776b0d590,0x0000000776b80000)
  to   space 10240K, 0% used [0x0000000775780000,0x0000000775780000,0x0000000776180000)
 ParOldGen       total 98304K, used 8190K [0x00000006ca400000, 0x00000006d0400000, 0x000000076e180000)
  object space 98304K, 8% used [0x00000006ca400000,0x00000006cabff8e0,0x00000006d0400000)
 Metaspace       used 29746K, capacity 31684K, committed 31872K, reserved 1077248K
  class space    used 4342K, capacity 4721K, committed 4736K, reserved 1048576K
Event: 2.501 GC heap after
Heap after GC invocations=6 (full 1):
 PSYoungGen      total 131072K, used 7873K [0x000000076e180000, 0x0000000778480000, 0x00000007c0000000)
  eden space 120832K, 0% used [0x000000076e180000,0x000000076e180000,0x0000000775780000)
  from space 10240K, 76% used [0x0000000775780000,0x0000000775f30690,0x0000000776180000)
  to   space 10752K, 0% used [0x0000000777a00000,0x0000000777a00000,0x0000000778480000)
 ParOldGen       total 98304K, used 8198K [0x00000006ca400000, 0x00000006d0400000, 0x000000076e180000)
  object space 98304K, 8% used [0x00000006ca400000,0x00000006cac018e0,0x00000006d0400000)
 Metaspace       used 29746K, capacity 31684K, committed 31872K, reserved 1077248K
  class space    used 4342K, capacity 4721K, committed 4736K, reserved 1048576K
}

